<?xml version="1.0" encoding="UTF-8"?>
<!-- Generated by org.testng.reporters.JUnitXMLReporter -->
<testsuite hostname="pc-PC" ignored="0" name="test1" tests="28" failures="4" timestamp="12 七月 2019 12:22:10 GMT" time="79.658" errors="0">
  <testcase name="f" time="12.039" classname="com.testing.testng.dataDriven"/>
  <testcase name="f" time="3.684" classname="com.testing.testng.dataDriven"/>
  <testcase name="f" time="0.522" classname="com.testing.testng.dataDriven"/>
  <testcase name="f" time="0.448" classname="com.testing.testng.dataDriven"/>
  <testcase name="f" time="0.267" classname="com.testing.testng.dataDriven"/>
  <testcase name="f" time="1.431" classname="com.testing.testng.dataDriven"/>
  <testcase name="f" time="0.67" classname="com.testing.testng.dataDriven"/>
  <testcase name="f" time="0.103" classname="com.testing.testng.dataDriven"/>
  <testcase name="f" time="0.995" classname="com.testing.testng.dataDriven"/>
  <testcase name="f" time="0.525" classname="com.testing.testng.dataDriven"/>
  <testcase name="f" time="0.277" classname="com.testing.testng.dataDriven"/>
  <testcase name="f" time="1.003" classname="com.testing.testng.dataDriven"/>
  <testcase name="f" time="0.14" classname="com.testing.testng.dataDriven"/>
  <testcase name="f" time="1.004" classname="com.testing.testng.dataDriven"/>
  <testcase name="f" time="0.184" classname="com.testing.testng.dataDriven"/>
  <testcase name="f" time="0.157" classname="com.testing.testng.dataDriven"/>
  <testcase name="f" time="0.298" classname="com.testing.testng.dataDriven"/>
  <testcase name="f" time="0.329" classname="com.testing.testng.dataDriven"/>
  <testcase name="f" time="0.53" classname="com.testing.testng.dataDriven"/>
  <testcase name="f" time="0.63" classname="com.testing.testng.dataDriven"/>
  <testcase name="f" time="3.477" classname="com.testing.testng.dataDriven"/>
  <testcase name="f" time="4.98" classname="com.testing.testng.dataDriven"/>
  <testcase name="f" time="0.759" classname="com.testing.testng.dataDriven"/>
  <testcase name="f" time="11.231" classname="com.testing.testng.dataDriven">
    <failure type="java.lang.AssertionError" message="expected [pass] but found [fail]">
      <![CDATA[java.lang.AssertionError: expected [pass] but found [fail]
at com.testing.testng.dataDriven.f(dataDriven.java:42)
... Removed 34 stack frames]]>
    </failure>
  </testcase> <!-- f -->
  <testcase name="f" time="10.896" classname="com.testing.testng.dataDriven">
    <failure type="java.lang.AssertionError" message="expected [pass] but found [fail]">
      <![CDATA[java.lang.AssertionError: expected [pass] but found [fail]
at com.testing.testng.dataDriven.f(dataDriven.java:42)
... Removed 34 stack frames]]>
    </failure>
  </testcase> <!-- f -->
  <testcase name="f" time="11.023" classname="com.testing.testng.dataDriven">
    <failure type="java.lang.AssertionError" message="expected [pass] but found [fail]">
      <![CDATA[java.lang.AssertionError: expected [pass] but found [fail]
at com.testing.testng.dataDriven.f(dataDriven.java:42)
... Removed 34 stack frames]]>
    </failure>
  </testcase> <!-- f -->
  <testcase name="f" time="10.628" classname="com.testing.testng.dataDriven">
    <failure type="java.lang.AssertionError" message="expected [pass] but found [fail]">
      <![CDATA[java.lang.AssertionError: expected [pass] but found [fail]
at com.testing.testng.dataDriven.f(dataDriven.java:42)
... Removed 34 stack frames]]>
    </failure>
  </testcase> <!-- f -->
  <testcase name="f" time="0.657" classname="com.testing.testng.dataDriven"/>
</testsuite> <!-- test1 -->
